<?xml version="1.0" encoding="UTF-8"?>
<testsuite xmlns:xsi="http://www.w3.org/2001/XMLSchema-instance" xsi:noNamespaceSchemaLocation="https://maven.apache.org/surefire/maven-surefire-plugin/xsd/surefire-test-report.xsd" name="com.amazon.runner.runner" time="26.824" tests="1" errors="0" skipped="0" failures="0">
  <properties>
    <property name="java.specification.version" value="17"/>
    <property name="sun.cpu.isalist" value="amd64"/>
    <property name="sun.jnu.encoding" value="Cp1252"/>
    <property name="java.class.path" value="C:\Users\yuvag\New folder\Amazon\target\test-classes;C:\Users\yuvag\New folder\Amazon\target\classes;C:\Users\yuvag\.m2\repository\org\seleniumhq\selenium\selenium-java\4.8.0\selenium-java-4.8.0.jar;C:\Users\yuvag\.m2\repository\org\seleniumhq\selenium\selenium-api\4.8.0\selenium-api-4.8.0.jar;C:\Users\yuvag\.m2\repository\org\seleniumhq\selenium\selenium-chrome-driver\4.8.0\selenium-chrome-driver-4.8.0.jar;C:\Users\yuvag\.m2\repository\com\google\auto\service\auto-service-annotations\1.0.1\auto-service-annotations-1.0.1.jar;C:\Users\yuvag\.m2\repository\com\google\auto\service\auto-service\1.0.1\auto-service-1.0.1.jar;C:\Users\yuvag\.m2\repository\com\google\auto\auto-common\1.2\auto-common-1.2.jar;C:\Users\yuvag\.m2\repository\com\google\guava\guava\31.1-jre\guava-31.1-jre.jar;C:\Users\yuvag\.m2\repository\com\google\guava\failureaccess\1.0.1\failureaccess-1.0.1.jar;C:\Users\yuvag\.m2\repository\com\google\guava\listenablefuture\9999.0-empty-to-avoid-conflict-with-guava\listenablefuture-9999.0-empty-to-avoid-conflict-with-guava.jar;C:\Users\yuvag\.m2\repository\org\checkerframework\checker-qual\3.12.0\checker-qual-3.12.0.jar;C:\Users\yuvag\.m2\repository\com\google\errorprone\error_prone_annotations\2.11.0\error_prone_annotations-2.11.0.jar;C:\Users\yuvag\.m2\repository\com\google\j2objc\j2objc-annotations\1.3\j2objc-annotations-1.3.jar;C:\Users\yuvag\.m2\repository\org\seleniumhq\selenium\selenium-chromium-driver\4.8.0\selenium-chromium-driver-4.8.0.jar;C:\Users\yuvag\.m2\repository\org\seleniumhq\selenium\selenium-json\4.8.0\selenium-json-4.8.0.jar;C:\Users\yuvag\.m2\repository\org\seleniumhq\selenium\selenium-devtools-v107\4.8.0\selenium-devtools-v107-4.8.0.jar;C:\Users\yuvag\.m2\repository\org\seleniumhq\selenium\selenium-devtools-v108\4.8.0\selenium-devtools-v108-4.8.0.jar;C:\Users\yuvag\.m2\repository\org\seleniumhq\selenium\selenium-devtools-v109\4.8.0\selenium-devtools-v109-4.8.0.jar;C:\Users\yuvag\.m2\repository\org\seleniumhq\selenium\selenium-devtools-v85\4.8.0\selenium-devtools-v85-4.8.0.jar;C:\Users\yuvag\.m2\repository\org\seleniumhq\selenium\selenium-edge-driver\4.8.0\selenium-edge-driver-4.8.0.jar;C:\Users\yuvag\.m2\repository\org\seleniumhq\selenium\selenium-firefox-driver\4.8.0\selenium-firefox-driver-4.8.0.jar;C:\Users\yuvag\.m2\repository\org\seleniumhq\selenium\selenium-http\4.8.0\selenium-http-4.8.0.jar;C:\Users\yuvag\.m2\repository\dev\failsafe\failsafe\3.3.0\failsafe-3.3.0.jar;C:\Users\yuvag\.m2\repository\org\seleniumhq\selenium\selenium-ie-driver\4.8.0\selenium-ie-driver-4.8.0.jar;C:\Users\yuvag\.m2\repository\org\seleniumhq\selenium\selenium-remote-driver\4.8.0\selenium-remote-driver-4.8.0.jar;C:\Users\yuvag\.m2\repository\io\netty\netty-buffer\4.1.87.Final\netty-buffer-4.1.87.Final.jar;C:\Users\yuvag\.m2\repository\io\netty\netty-codec-http\4.1.87.Final\netty-codec-http-4.1.87.Final.jar;C:\Users\yuvag\.m2\repository\io\netty\netty-codec\4.1.87.Final\netty-codec-4.1.87.Final.jar;C:\Users\yuvag\.m2\repository\io\netty\netty-handler\4.1.87.Final\netty-handler-4.1.87.Final.jar;C:\Users\yuvag\.m2\repository\io\netty\netty-common\4.1.87.Final\netty-common-4.1.87.Final.jar;C:\Users\yuvag\.m2\repository\io\netty\netty-transport-classes-epoll\4.1.87.Final\netty-transport-classes-epoll-4.1.87.Final.jar;C:\Users\yuvag\.m2\repository\io\netty\netty-transport-classes-kqueue\4.1.87.Final\netty-transport-classes-kqueue-4.1.87.Final.jar;C:\Users\yuvag\.m2\repository\io\netty\netty-transport-native-epoll\4.1.87.Final\netty-transport-native-epoll-4.1.87.Final.jar;C:\Users\yuvag\.m2\repository\io\netty\netty-transport-native-kqueue\4.1.87.Final\netty-transport-native-kqueue-4.1.87.Final.jar;C:\Users\yuvag\.m2\repository\io\netty\netty-transport-native-unix-common\4.1.87.Final\netty-transport-native-unix-common-4.1.87.Final.jar;C:\Users\yuvag\.m2\repository\io\netty\netty-transport\4.1.87.Final\netty-transport-4.1.87.Final.jar;C:\Users\yuvag\.m2\repository\io\netty\netty-resolver\4.1.87.Final\netty-resolver-4.1.87.Final.jar;C:\Users\yuvag\.m2\repository\io\opentelemetry\opentelemetry-api\1.22.0\opentelemetry-api-1.22.0.jar;C:\Users\yuvag\.m2\repository\io\opentelemetry\opentelemetry-context\1.22.0\opentelemetry-context-1.22.0.jar;C:\Users\yuvag\.m2\repository\io\opentelemetry\opentelemetry-exporter-logging\1.22.0\opentelemetry-exporter-logging-1.22.0.jar;C:\Users\yuvag\.m2\repository\io\opentelemetry\opentelemetry-sdk-metrics\1.22.0\opentelemetry-sdk-metrics-1.22.0.jar;C:\Users\yuvag\.m2\repository\io\opentelemetry\opentelemetry-sdk-logs\1.22.0-alpha\opentelemetry-sdk-logs-1.22.0-alpha.jar;C:\Users\yuvag\.m2\repository\io\opentelemetry\opentelemetry-api-logs\1.22.0-alpha\opentelemetry-api-logs-1.22.0-alpha.jar;C:\Users\yuvag\.m2\repository\io\opentelemetry\opentelemetry-sdk-common\1.22.0\opentelemetry-sdk-common-1.22.0.jar;C:\Users\yuvag\.m2\repository\io\opentelemetry\opentelemetry-sdk-extension-autoconfigure-spi\1.22.0\opentelemetry-sdk-extension-autoconfigure-spi-1.22.0.jar;C:\Users\yuvag\.m2\repository\io\opentelemetry\opentelemetry-sdk-extension-autoconfigure\1.22.0-alpha\opentelemetry-sdk-extension-autoconfigure-1.22.0-alpha.jar;C:\Users\yuvag\.m2\repository\io\opentelemetry\opentelemetry-sdk-trace\1.22.0\opentelemetry-sdk-trace-1.22.0.jar;C:\Users\yuvag\.m2\repository\io\opentelemetry\opentelemetry-sdk\1.22.0\opentelemetry-sdk-1.22.0.jar;C:\Users\yuvag\.m2\repository\io\opentelemetry\opentelemetry-semconv\1.22.0-alpha\opentelemetry-semconv-1.22.0-alpha.jar;C:\Users\yuvag\.m2\repository\io\ous\jtoml\2.0.0\jtoml-2.0.0.jar;C:\Users\yuvag\.m2\repository\net\bytebuddy\byte-buddy\1.12.22\byte-buddy-1.12.22.jar;C:\Users\yuvag\.m2\repository\org\apache\commons\commons-exec\1.3\commons-exec-1.3.jar;C:\Users\yuvag\.m2\repository\org\asynchttpclient\async-http-client\2.12.3\async-http-client-2.12.3.jar;C:\Users\yuvag\.m2\repository\org\asynchttpclient\async-http-client-netty-utils\2.12.3\async-http-client-netty-utils-2.12.3.jar;C:\Users\yuvag\.m2\repository\io\netty\netty-codec-socks\4.1.60.Final\netty-codec-socks-4.1.60.Final.jar;C:\Users\yuvag\.m2\repository\io\netty\netty-handler-proxy\4.1.60.Final\netty-handler-proxy-4.1.60.Final.jar;C:\Users\yuvag\.m2\repository\io\netty\netty-transport-native-epoll\4.1.60.Final\netty-transport-native-epoll-4.1.60.Final-linux-x86_64.jar;C:\Users\yuvag\.m2\repository\io\netty\netty-transport-native-kqueue\4.1.60.Final\netty-transport-native-kqueue-4.1.60.Final-osx-x86_64.jar;C:\Users\yuvag\.m2\repository\org\reactivestreams\reactive-streams\1.0.3\reactive-streams-1.0.3.jar;C:\Users\yuvag\.m2\repository\com\typesafe\netty\netty-reactive-streams\2.0.4\netty-reactive-streams-2.0.4.jar;C:\Users\yuvag\.m2\repository\com\sun\activation\jakarta.activation\1.2.2\jakarta.activation-1.2.2.jar;C:\Users\yuvag\.m2\repository\org\seleniumhq\selenium\selenium-manager\4.8.0\selenium-manager-4.8.0.jar;C:\Users\yuvag\.m2\repository\org\seleniumhq\selenium\selenium-safari-driver\4.8.0\selenium-safari-driver-4.8.0.jar;C:\Users\yuvag\.m2\repository\org\seleniumhq\selenium\selenium-support\4.8.0\selenium-support-4.8.0.jar;C:\Users\yuvag\.m2\repository\io\cucumber\cucumber-core\7.11.1\cucumber-core-7.11.1.jar;C:\Users\yuvag\.m2\repository\io\cucumber\cucumber-gherkin\7.11.1\cucumber-gherkin-7.11.1.jar;C:\Users\yuvag\.m2\repository\io\cucumber\cucumber-gherkin-messages\7.11.1\cucumber-gherkin-messages-7.11.1.jar;C:\Users\yuvag\.m2\repository\io\cucumber\gherkin\26.0.3\gherkin-26.0.3.jar;C:\Users\yuvag\.m2\repository\io\cucumber\messages\21.0.1\messages-21.0.1.jar;C:\Users\yuvag\.m2\repository\io\cucumber\tag-expressions\5.0.1\tag-expressions-5.0.1.jar;C:\Users\yuvag\.m2\repository\io\cucumber\cucumber-expressions\16.1.2\cucumber-expressions-16.1.2.jar;C:\Users\yuvag\.m2\repository\io\cucumber\datatable\7.11.1\datatable-7.11.1.jar;C:\Users\yuvag\.m2\repository\io\cucumber\cucumber-plugin\7.11.1\cucumber-plugin-7.11.1.jar;C:\Users\yuvag\.m2\repository\io\cucumber\docstring\7.11.1\docstring-7.11.1.jar;C:\Users\yuvag\.m2\repository\io\cucumber\html-formatter\20.2.1\html-formatter-20.2.1.jar;C:\Users\yuvag\.m2\repository\io\cucumber\junit-xml-formatter\0.1.0\junit-xml-formatter-0.1.0.jar;C:\Users\yuvag\.m2\repository\io\cucumber\ci-environment\9.1.0\ci-environment-9.1.0.jar;C:\Users\yuvag\.m2\repository\org\apiguardian\apiguardian-api\1.1.2\apiguardian-api-1.1.2.jar;C:\Users\yuvag\.m2\repository\io\cucumber\cucumber-java\7.11.1\cucumber-java-7.11.1.jar;C:\Users\yuvag\.m2\repository\io\cucumber\cucumber-testng\7.11.1\cucumber-testng-7.11.1.jar;C:\Users\yuvag\.m2\repository\org\testng\testng\7.6.1\testng-7.6.1.jar;C:\Users\yuvag\.m2\repository\com\google\code\findbugs\jsr305\3.0.2\jsr305-3.0.2.jar;C:\Users\yuvag\.m2\repository\org\slf4j\slf4j-api\1.7.36\slf4j-api-1.7.36.jar;C:\Users\yuvag\.m2\repository\com\beust\jcommander\1.82\jcommander-1.82.jar;C:\Users\yuvag\.m2\repository\org\webjars\jquery\3.6.0\jquery-3.6.0.jar;"/>
    <property name="java.vm.vendor" value="Oracle Corporation"/>
    <property name="sun.arch.data.model" value="64"/>
    <property name="user.variant" value=""/>
    <property name="java.vendor.url" value="https://java.oracle.com/"/>
    <property name="user.timezone" value="Asia/Calcutta"/>
    <property name="os.name" value="Windows 11"/>
    <property name="java.vm.specification.version" value="17"/>
    <property name="sun.java.launcher" value="SUN_STANDARD"/>
    <property name="user.country" value="IN"/>
    <property name="sun.boot.library.path" value="C:\Program Files\Java\jdk-17\bin"/>
    <property name="sun.java.command" value="C:\Users\yuvag\AppData\Local\Temp\surefire1141719999986369102\surefirebooter17742625869562858195.jar C:\Users\yuvag\AppData\Local\Temp\surefire1141719999986369102 2023-02-13T09-35-35_797-jvmRun1 surefire4455641382242191908tmp surefire_018391138466561237334tmp"/>
    <property name="jdk.debug" value="release"/>
    <property name="surefire.test.class.path" value="C:\Users\yuvag\New folder\Amazon\target\test-classes;C:\Users\yuvag\New folder\Amazon\target\classes;C:\Users\yuvag\.m2\repository\org\seleniumhq\selenium\selenium-java\4.8.0\selenium-java-4.8.0.jar;C:\Users\yuvag\.m2\repository\org\seleniumhq\selenium\selenium-api\4.8.0\selenium-api-4.8.0.jar;C:\Users\yuvag\.m2\repository\org\seleniumhq\selenium\selenium-chrome-driver\4.8.0\selenium-chrome-driver-4.8.0.jar;C:\Users\yuvag\.m2\repository\com\google\auto\service\auto-service-annotations\1.0.1\auto-service-annotations-1.0.1.jar;C:\Users\yuvag\.m2\repository\com\google\auto\service\auto-service\1.0.1\auto-service-1.0.1.jar;C:\Users\yuvag\.m2\repository\com\google\auto\auto-common\1.2\auto-common-1.2.jar;C:\Users\yuvag\.m2\repository\com\google\guava\guava\31.1-jre\guava-31.1-jre.jar;C:\Users\yuvag\.m2\repository\com\google\guava\failureaccess\1.0.1\failureaccess-1.0.1.jar;C:\Users\yuvag\.m2\repository\com\google\guava\listenablefuture\9999.0-empty-to-avoid-conflict-with-guava\listenablefuture-9999.0-empty-to-avoid-conflict-with-guava.jar;C:\Users\yuvag\.m2\repository\org\checkerframework\checker-qual\3.12.0\checker-qual-3.12.0.jar;C:\Users\yuvag\.m2\repository\com\google\errorprone\error_prone_annotations\2.11.0\error_prone_annotations-2.11.0.jar;C:\Users\yuvag\.m2\repository\com\google\j2objc\j2objc-annotations\1.3\j2objc-annotations-1.3.jar;C:\Users\yuvag\.m2\repository\org\seleniumhq\selenium\selenium-chromium-driver\4.8.0\selenium-chromium-driver-4.8.0.jar;C:\Users\yuvag\.m2\repository\org\seleniumhq\selenium\selenium-json\4.8.0\selenium-json-4.8.0.jar;C:\Users\yuvag\.m2\repository\org\seleniumhq\selenium\selenium-devtools-v107\4.8.0\selenium-devtools-v107-4.8.0.jar;C:\Users\yuvag\.m2\repository\org\seleniumhq\selenium\selenium-devtools-v108\4.8.0\selenium-devtools-v108-4.8.0.jar;C:\Users\yuvag\.m2\repository\org\seleniumhq\selenium\selenium-devtools-v109\4.8.0\selenium-devtools-v109-4.8.0.jar;C:\Users\yuvag\.m2\repository\org\seleniumhq\selenium\selenium-devtools-v85\4.8.0\selenium-devtools-v85-4.8.0.jar;C:\Users\yuvag\.m2\repository\org\seleniumhq\selenium\selenium-edge-driver\4.8.0\selenium-edge-driver-4.8.0.jar;C:\Users\yuvag\.m2\repository\org\seleniumhq\selenium\selenium-firefox-driver\4.8.0\selenium-firefox-driver-4.8.0.jar;C:\Users\yuvag\.m2\repository\org\seleniumhq\selenium\selenium-http\4.8.0\selenium-http-4.8.0.jar;C:\Users\yuvag\.m2\repository\dev\failsafe\failsafe\3.3.0\failsafe-3.3.0.jar;C:\Users\yuvag\.m2\repository\org\seleniumhq\selenium\selenium-ie-driver\4.8.0\selenium-ie-driver-4.8.0.jar;C:\Users\yuvag\.m2\repository\org\seleniumhq\selenium\selenium-remote-driver\4.8.0\selenium-remote-driver-4.8.0.jar;C:\Users\yuvag\.m2\repository\io\netty\netty-buffer\4.1.87.Final\netty-buffer-4.1.87.Final.jar;C:\Users\yuvag\.m2\repository\io\netty\netty-codec-http\4.1.87.Final\netty-codec-http-4.1.87.Final.jar;C:\Users\yuvag\.m2\repository\io\netty\netty-codec\4.1.87.Final\netty-codec-4.1.87.Final.jar;C:\Users\yuvag\.m2\repository\io\netty\netty-handler\4.1.87.Final\netty-handler-4.1.87.Final.jar;C:\Users\yuvag\.m2\repository\io\netty\netty-common\4.1.87.Final\netty-common-4.1.87.Final.jar;C:\Users\yuvag\.m2\repository\io\netty\netty-transport-classes-epoll\4.1.87.Final\netty-transport-classes-epoll-4.1.87.Final.jar;C:\Users\yuvag\.m2\repository\io\netty\netty-transport-classes-kqueue\4.1.87.Final\netty-transport-classes-kqueue-4.1.87.Final.jar;C:\Users\yuvag\.m2\repository\io\netty\netty-transport-native-epoll\4.1.87.Final\netty-transport-native-epoll-4.1.87.Final.jar;C:\Users\yuvag\.m2\repository\io\netty\netty-transport-native-kqueue\4.1.87.Final\netty-transport-native-kqueue-4.1.87.Final.jar;C:\Users\yuvag\.m2\repository\io\netty\netty-transport-native-unix-common\4.1.87.Final\netty-transport-native-unix-common-4.1.87.Final.jar;C:\Users\yuvag\.m2\repository\io\netty\netty-transport\4.1.87.Final\netty-transport-4.1.87.Final.jar;C:\Users\yuvag\.m2\repository\io\netty\netty-resolver\4.1.87.Final\netty-resolver-4.1.87.Final.jar;C:\Users\yuvag\.m2\repository\io\opentelemetry\opentelemetry-api\1.22.0\opentelemetry-api-1.22.0.jar;C:\Users\yuvag\.m2\repository\io\opentelemetry\opentelemetry-context\1.22.0\opentelemetry-context-1.22.0.jar;C:\Users\yuvag\.m2\repository\io\opentelemetry\opentelemetry-exporter-logging\1.22.0\opentelemetry-exporter-logging-1.22.0.jar;C:\Users\yuvag\.m2\repository\io\opentelemetry\opentelemetry-sdk-metrics\1.22.0\opentelemetry-sdk-metrics-1.22.0.jar;C:\Users\yuvag\.m2\repository\io\opentelemetry\opentelemetry-sdk-logs\1.22.0-alpha\opentelemetry-sdk-logs-1.22.0-alpha.jar;C:\Users\yuvag\.m2\repository\io\opentelemetry\opentelemetry-api-logs\1.22.0-alpha\opentelemetry-api-logs-1.22.0-alpha.jar;C:\Users\yuvag\.m2\repository\io\opentelemetry\opentelemetry-sdk-common\1.22.0\opentelemetry-sdk-common-1.22.0.jar;C:\Users\yuvag\.m2\repository\io\opentelemetry\opentelemetry-sdk-extension-autoconfigure-spi\1.22.0\opentelemetry-sdk-extension-autoconfigure-spi-1.22.0.jar;C:\Users\yuvag\.m2\repository\io\opentelemetry\opentelemetry-sdk-extension-autoconfigure\1.22.0-alpha\opentelemetry-sdk-extension-autoconfigure-1.22.0-alpha.jar;C:\Users\yuvag\.m2\repository\io\opentelemetry\opentelemetry-sdk-trace\1.22.0\opentelemetry-sdk-trace-1.22.0.jar;C:\Users\yuvag\.m2\repository\io\opentelemetry\opentelemetry-sdk\1.22.0\opentelemetry-sdk-1.22.0.jar;C:\Users\yuvag\.m2\repository\io\opentelemetry\opentelemetry-semconv\1.22.0-alpha\opentelemetry-semconv-1.22.0-alpha.jar;C:\Users\yuvag\.m2\repository\io\ous\jtoml\2.0.0\jtoml-2.0.0.jar;C:\Users\yuvag\.m2\repository\net\bytebuddy\byte-buddy\1.12.22\byte-buddy-1.12.22.jar;C:\Users\yuvag\.m2\repository\org\apache\commons\commons-exec\1.3\commons-exec-1.3.jar;C:\Users\yuvag\.m2\repository\org\asynchttpclient\async-http-client\2.12.3\async-http-client-2.12.3.jar;C:\Users\yuvag\.m2\repository\org\asynchttpclient\async-http-client-netty-utils\2.12.3\async-http-client-netty-utils-2.12.3.jar;C:\Users\yuvag\.m2\repository\io\netty\netty-codec-socks\4.1.60.Final\netty-codec-socks-4.1.60.Final.jar;C:\Users\yuvag\.m2\repository\io\netty\netty-handler-proxy\4.1.60.Final\netty-handler-proxy-4.1.60.Final.jar;C:\Users\yuvag\.m2\repository\io\netty\netty-transport-native-epoll\4.1.60.Final\netty-transport-native-epoll-4.1.60.Final-linux-x86_64.jar;C:\Users\yuvag\.m2\repository\io\netty\netty-transport-native-kqueue\4.1.60.Final\netty-transport-native-kqueue-4.1.60.Final-osx-x86_64.jar;C:\Users\yuvag\.m2\repository\org\reactivestreams\reactive-streams\1.0.3\reactive-streams-1.0.3.jar;C:\Users\yuvag\.m2\repository\com\typesafe\netty\netty-reactive-streams\2.0.4\netty-reactive-streams-2.0.4.jar;C:\Users\yuvag\.m2\repository\com\sun\activation\jakarta.activation\1.2.2\jakarta.activation-1.2.2.jar;C:\Users\yuvag\.m2\repository\org\seleniumhq\selenium\selenium-manager\4.8.0\selenium-manager-4.8.0.jar;C:\Users\yuvag\.m2\repository\org\seleniumhq\selenium\selenium-safari-driver\4.8.0\selenium-safari-driver-4.8.0.jar;C:\Users\yuvag\.m2\repository\org\seleniumhq\selenium\selenium-support\4.8.0\selenium-support-4.8.0.jar;C:\Users\yuvag\.m2\repository\io\cucumber\cucumber-core\7.11.1\cucumber-core-7.11.1.jar;C:\Users\yuvag\.m2\repository\io\cucumber\cucumber-gherkin\7.11.1\cucumber-gherkin-7.11.1.jar;C:\Users\yuvag\.m2\repository\io\cucumber\cucumber-gherkin-messages\7.11.1\cucumber-gherkin-messages-7.11.1.jar;C:\Users\yuvag\.m2\repository\io\cucumber\gherkin\26.0.3\gherkin-26.0.3.jar;C:\Users\yuvag\.m2\repository\io\cucumber\messages\21.0.1\messages-21.0.1.jar;C:\Users\yuvag\.m2\repository\io\cucumber\tag-expressions\5.0.1\tag-expressions-5.0.1.jar;C:\Users\yuvag\.m2\repository\io\cucumber\cucumber-expressions\16.1.2\cucumber-expressions-16.1.2.jar;C:\Users\yuvag\.m2\repository\io\cucumber\datatable\7.11.1\datatable-7.11.1.jar;C:\Users\yuvag\.m2\repository\io\cucumber\cucumber-plugin\7.11.1\cucumber-plugin-7.11.1.jar;C:\Users\yuvag\.m2\repository\io\cucumber\docstring\7.11.1\docstring-7.11.1.jar;C:\Users\yuvag\.m2\repository\io\cucumber\html-formatter\20.2.1\html-formatter-20.2.1.jar;C:\Users\yuvag\.m2\repository\io\cucumber\junit-xml-formatter\0.1.0\junit-xml-formatter-0.1.0.jar;C:\Users\yuvag\.m2\repository\io\cucumber\ci-environment\9.1.0\ci-environment-9.1.0.jar;C:\Users\yuvag\.m2\repository\org\apiguardian\apiguardian-api\1.1.2\apiguardian-api-1.1.2.jar;C:\Users\yuvag\.m2\repository\io\cucumber\cucumber-java\7.11.1\cucumber-java-7.11.1.jar;C:\Users\yuvag\.m2\repository\io\cucumber\cucumber-testng\7.11.1\cucumber-testng-7.11.1.jar;C:\Users\yuvag\.m2\repository\org\testng\testng\7.6.1\testng-7.6.1.jar;C:\Users\yuvag\.m2\repository\com\google\code\findbugs\jsr305\3.0.2\jsr305-3.0.2.jar;C:\Users\yuvag\.m2\repository\org\slf4j\slf4j-api\1.7.36\slf4j-api-1.7.36.jar;C:\Users\yuvag\.m2\repository\com\beust\jcommander\1.82\jcommander-1.82.jar;C:\Users\yuvag\.m2\repository\org\webjars\jquery\3.6.0\jquery-3.6.0.jar;"/>
    <property name="sun.cpu.endian" value="little"/>
    <property name="user.home" value="C:\Users\yuvag"/>
    <property name="user.language" value="en"/>
    <property name="java.specification.vendor" value="Oracle Corporation"/>
    <property name="java.version.date" value="2023-01-17"/>
    <property name="java.home" value="C:\Program Files\Java\jdk-17"/>
    <property name="file.separator" value="\"/>
    <property name="style.color" value="always"/>
    <property name="basedir" value="C:\Users\yuvag\New folder\Amazon"/>
    <property name="java.vm.compressedOopsMode" value="32-bit"/>
    <property name="line.separator" value="&#10;"/>
    <property name="java.vm.specification.vendor" value="Oracle Corporation"/>
    <property name="java.specification.name" value="Java Platform API Specification"/>
    <property name="surefire.real.class.path" value="C:\Users\yuvag\AppData\Local\Temp\surefire1141719999986369102\surefirebooter17742625869562858195.jar"/>
    <property name="user.script" value=""/>
    <property name="sun.management.compiler" value="HotSpot 64-Bit Tiered Compilers"/>
    <property name="java.runtime.version" value="17.0.6+9-LTS-190"/>
    <property name="user.name" value="yuvag"/>
    <property name="path.separator" value=";"/>
    <property name="os.version" value="10.0"/>
    <property name="java.runtime.name" value="Java(TM) SE Runtime Environment"/>
    <property name="file.encoding" value="Cp1252"/>
    <property name="java.vm.name" value="Java HotSpot(TM) 64-Bit Server VM"/>
    <property name="localRepository" value="C:\Users\yuvag\.m2\repository"/>
    <property name="java.vendor.url.bug" value="https://bugreport.java.com/bugreport/"/>
    <property name="java.io.tmpdir" value="C:\Users\yuvag\AppData\Local\Temp\"/>
    <property name="java.version" value="17.0.6"/>
    <property name="user.dir" value="C:\Users\yuvag\New folder\Amazon"/>
    <property name="os.arch" value="amd64"/>
    <property name="java.vm.specification.name" value="Java Virtual Machine Specification"/>
    <property name="sun.os.patch.level" value=""/>
    <property name="native.encoding" value="Cp1252"/>
    <property name="java.library.path" value="C:\Program Files\Java\jdk-17\bin;C:\WINDOWS\Sun\Java\bin;C:\WINDOWS\system32;C:\WINDOWS;C:/Users/yuvag/.p2/pool/plugins/org.eclipse.justj.openjdk.hotspot.jre.full.win32.x86_64_17.0.4.v20221004-1257/jre/bin/server;C:/Users/yuvag/.p2/pool/plugins/org.eclipse.justj.openjdk.hotspot.jre.full.win32.x86_64_17.0.4.v20221004-1257/jre/bin;C:\Program Files\Common Files\Oracle\Java\javapath;C:\Program Files (x86)\Common Files\Oracle\Java\javapath;C:\windows\system32;C:\windows;C:\windows\System32\Wbem;C:\windows\System32\WindowsPowerShell\v1.0\;C:\windows\System32\OpenSSH\;C:\Program Files (x86)\NVIDIA Corporation\PhysX\Common;C:\Program Files\NVIDIA Corporation\NVIDIA NvDLISR;C:\WINDOWS\system32;C:\WINDOWS;C:\WINDOWS\System32\Wbem;C:\WINDOWS\System32\WindowsPowerShell\v1.0\;C:\WINDOWS\System32\OpenSSH\;C:\Program Files\nodejs\;C:\Maven_Home\bin;C:\Users\yuvag\AppData\Local\Android\Sdk\platform-tools\adb.exe;C:\Users\yuvag\AppData\Local\Android\Sdk\build-tools;C:\Users\yuvag\AppData\Local\Android\Sdk;C:\Users\yuvag\AppData\Local\Android\Sdk\tools;C:\Users\yuvag\AppData\Local\Android\Sdk\platform-tools;C:\Program Files\Git\cmd;C:\Users\yuvag\AppData\Local\Microsoft\WindowsApps;C:\Users\yuvag\AppData\Roaming\npm;C:\WINDOWS\System32;;."/>
    <property name="java.vm.info" value="mixed mode, sharing"/>
    <property name="java.vendor" value="Oracle Corporation"/>
    <property name="java.vm.version" value="17.0.6+9-LTS-190"/>
    <property name="sun.io.unicode.encoding" value="UnicodeLittle"/>
    <property name="java.class.version" value="61.0"/>
  </properties>
  <testcase name="runScenario" classname="com.amazon.runner.runner" time="25.301"/>
</testsuite>