<?xml version="1.0" encoding="UTF-8"?>
<!-- Generated by org.testng.reporters.JUnitReportReporter -->
<testsuite hostname="LAPTOP-HMLBATVJ" failures="0" tests="2" name="com.amazon.setdefniation.setp_def" time="9.912" errors="0" timestamp="2023-02-11T00:59:41 IST" skipped="0">
  <testcase classname="com.amazon.setdefniation.setp_def" name="user_launch_broser" time="3.212"/>
  <system-out/>
  <testcase classname="com.amazon.setdefniation.setp_def" name="user_navigate_url" time="6.700"/>
  <system-out/>
</testsuite> <!-- com.amazon.setdefniation.setp_def -->
