<?xml version="1.0" encoding="UTF-8"?>
<!-- Generated by org.testng.reporters.JUnitReportReporter -->
<testsuite hostname="LAPTOP-HMLBATVJ" failures="0" tests="1" name="com.amazon.runner.runner" time="25.302" errors="0" timestamp="2023-02-13T09:36:03 IST" skipped="0">
  <testcase classname="com.amazon.runner.runner" name="runScenario" time="25.302"/>
  <system-out/>
</testsuite> <!-- com.amazon.runner.runner -->
